<?xml version="1.0" encoding="UTF-8"?>
<!-- Generated by org.testng.reporters.JUnitReportReporter -->
<testsuite hostname="MSI" failures="0" tests="1" name="Test.AnnotationFour" time="0.022" errors="0" timestamp="2024-08-30T18:18:28 IST" skipped="0">
  <testcase classname="Test.AnnotationFour" name="Search" time="0.022"/>
  <system-out/>
</testsuite> <!-- Test.AnnotationFour -->
