<?xml version="1.0" encoding="UTF-8"?>
<!-- Generated by org.testng.reporters.JUnitReportReporter -->
<testsuite hostname="MSI" failures="0" tests="2" name="Test.Annotations" time="0.011" errors="0" timestamp="2024-08-30T15:48:41 IST" skipped="0">
  <testcase classname="Test.Annotations" name="search" time="0.010"/>
  <system-out/>
  <testcase classname="Test.Annotations" name="advanceSerch" time="0.001"/>
  <system-out/>
</testsuite> <!-- Test.Annotations -->
