<?xml version="1.0" encoding="UTF-8"?>
<!-- Generated by org.testng.reporters.JUnitReportReporter -->
<testsuite hostname="MSI" failures="0" tests="2" name="Test.BeforeAfterTest" time="0.010" errors="0" timestamp="2024-08-30T13:31:53 IST" skipped="0">
  <testcase classname="Test.BeforeAfterTest" name="Testcase1" time="0.009"/>
  <system-out/>
  <testcase classname="Test.BeforeAfterTest" name="TestCase2" time="0.001"/>
  <system-out/>
</testsuite> <!-- Test.BeforeAfterTest -->
