<?xml version="1.0" encoding="UTF-8"?>
<!-- Generated by org.testng.reporters.JUnitReportReporter -->
<testsuite hostname="MSI" failures="0" tests="1" name="Test.Test3" time="7.189" errors="0" timestamp="2024-08-30T13:27:34 IST" skipped="0">
  <testcase classname="Test.Test3" name="sumit" time="7.189"/>
  <system-out/>
</testsuite> <!-- Test.Test3 -->
