<?xml version="1.0" encoding="UTF-8"?>
<!-- Generated by org.testng.reporters.JUnitReportReporter -->
<testsuite hostname="MSI" failures="0" tests="2" name="Test.LoginTest" time="0.011" errors="0" timestamp="2024-08-26T07:39:06 IST" skipped="0">
  <testcase classname="Test.LoginTest" name="alogoutTest" time="0.010"/>
  <system-out/>
  <testcase classname="Test.LoginTest" name="bloginTest" time="0.001"/>
  <system-out/>
</testsuite> <!-- Test.LoginTest -->
