<?xml version="1.0" encoding="UTF-8"?>
<!-- Generated by org.testng.reporters.JUnitReportReporter -->
<testsuite hostname="MSI" failures="0" tests="1" name="Test.CheckTitleWithAssert" time="6.525" errors="0" timestamp="2024-08-30T09:07:13 IST" skipped="0">
  <testcase classname="Test.CheckTitleWithAssert" name="CheckTitle" time="6.525"/>
  <system-out/>
</testsuite> <!-- Test.CheckTitleWithAssert -->
