<?xml version="1.0" encoding="UTF-8"?>
<!-- Generated by org.testng.reporters.JUnitReportReporter -->
<testsuite hostname="MSI" failures="0" tests="3" name="Test.FirstTestCase" time="0.012" errors="0" timestamp="2024-08-30T09:06:50 IST" skipped="0">
  <testcase classname="Test.FirstTestCase" name="login" time="0.010"/>
  <system-out/>
  <testcase classname="Test.FirstTestCase" name="logoff" time="0.002"/>
  <system-out/>
  <testcase classname="Test.FirstTestCase" name="openapp" time="0.000"/>
  <system-out/>
</testsuite> <!-- Test.FirstTestCase -->
